obj\Debug\netstandard2.1\blazor\linker\BlazorWithMongo.Client.dll
obj\Debug\netstandard2.1\blazor\linker\BlazorWithMongo.Shared.dll
obj\Debug\netstandard2.1\blazor\linker\DnsClient.dll
obj\Debug\netstandard2.1\blazor\linker\Microsoft.AspNetCore.Blazor.dll
obj\Debug\netstandard2.1\blazor\linker\Microsoft.AspNetCore.Blazor.HttpClient.dll
obj\Debug\netstandard2.1\blazor\linker\Microsoft.AspNetCore.Components.dll
obj\Debug\netstandard2.1\blazor\linker\Microsoft.AspNetCore.Components.Forms.dll
obj\Debug\netstandard2.1\blazor\linker\Microsoft.AspNetCore.Components.Web.dll
obj\Debug\netstandard2.1\blazor\linker\Microsoft.Bcl.AsyncInterfaces.dll
obj\Debug\netstandard2.1\blazor\linker\Microsoft.Bcl.HashCode.dll
obj\Debug\netstandard2.1\blazor\linker\Microsoft.EntityFrameworkCore.Abstractions.dll
obj\Debug\netstandard2.1\blazor\linker\Microsoft.EntityFrameworkCore.dll
obj\Debug\netstandard2.1\blazor\linker\Microsoft.Extensions.Caching.Abstractions.dll
obj\Debug\netstandard2.1\blazor\linker\Microsoft.Extensions.Caching.Memory.dll
obj\Debug\netstandard2.1\blazor\linker\Microsoft.Extensions.Configuration.Abstractions.dll
obj\Debug\netstandard2.1\blazor\linker\Microsoft.Extensions.Configuration.dll
obj\Debug\netstandard2.1\blazor\linker\Microsoft.Extensions.DependencyInjection.Abstractions.dll
obj\Debug\netstandard2.1\blazor\linker\Microsoft.Extensions.DependencyInjection.dll
obj\Debug\netstandard2.1\blazor\linker\Microsoft.Extensions.Logging.Abstractions.dll
obj\Debug\netstandard2.1\blazor\linker\Microsoft.Extensions.Logging.dll
obj\Debug\netstandard2.1\blazor\linker\Microsoft.Extensions.Options.dll
obj\Debug\netstandard2.1\blazor\linker\Microsoft.Extensions.Primitives.dll
obj\Debug\netstandard2.1\blazor\linker\Microsoft.JSInterop.dll
obj\Debug\netstandard2.1\blazor\linker\MongoDB.Bson.dll
obj\Debug\netstandard2.1\blazor\linker\MongoDB.Driver.Core.dll
obj\Debug\netstandard2.1\blazor\linker\MongoDB.Driver.dll
obj\Debug\netstandard2.1\blazor\linker\MongoDB.Libmongocrypt.dll
obj\Debug\netstandard2.1\blazor\linker\Mono.Security.dll
obj\Debug\netstandard2.1\blazor\linker\Mono.WebAssembly.Interop.dll
obj\Debug\netstandard2.1\blazor\linker\mscorlib.dll
obj\Debug\netstandard2.1\blazor\linker\SharpCompress.dll
obj\Debug\netstandard2.1\blazor\linker\System.Collections.Immutable.dll
obj\Debug\netstandard2.1\blazor\linker\System.ComponentModel.DataAnnotations.dll
obj\Debug\netstandard2.1\blazor\linker\System.Core.dll
obj\Debug\netstandard2.1\blazor\linker\System.Diagnostics.DiagnosticSource.dll
obj\Debug\netstandard2.1\blazor\linker\System.dll
obj\Debug\netstandard2.1\blazor\linker\System.Net.Http.dll
obj\Debug\netstandard2.1\blazor\linker\System.Runtime.CompilerServices.Unsafe.dll
obj\Debug\netstandard2.1\blazor\linker\System.Text.Encoding.CodePages.dll
obj\Debug\netstandard2.1\blazor\linker\System.Text.Encodings.Web.dll
obj\Debug\netstandard2.1\blazor\linker\System.Text.Json.dll
obj\Debug\netstandard2.1\blazor\linker\System.Transactions.dll
obj\Debug\netstandard2.1\blazor\linker\WebAssembly.Bindings.dll
obj\Debug\netstandard2.1\blazor\linker\WebAssembly.Net.Http.dll
obj\Debug\netstandard2.1\blazor\linker\BlazorWithMongo.Client.pdb
obj\Debug\netstandard2.1\blazor\linker\BlazorWithMongo.Shared.pdb
